<?xml version="1.0" encoding="UTF-8"?>
<testng-results ignored="0" total="1" passed="1" failed="0" skipped="0">
  <reporter-output>
  </reporter-output>
  <suite started-at="2024-06-10T07:54:22 CEST" name="Default suite" finished-at="2024-06-10T07:54:57 CEST" duration-ms="35827">
    <groups>
    </groups>
    <test started-at="2024-06-10T07:54:22 CEST" name="Default test" finished-at="2024-06-10T07:54:57 CEST" duration-ms="35827">
      <class name="atgspela.ATGSpela">
        <test-method signature="Homepage()[pri:0, instance:atgspela.ATGSpela@67c27493]" started-at="2024-06-10T07:54:22 CEST" name="Homepage" finished-at="2024-06-10T07:54:57 CEST" duration-ms="35748" status="PASS">
          <reporter-output>
          </reporter-output>
        </test-method> <!-- Homepage -->
      </class> <!-- atgspela.ATGSpela -->
    </test> <!-- Default test -->
  </suite> <!-- Default suite -->
</testng-results>
